<?xml version="1.0" encoding="UTF-8"?>
<testng-results skipped="0" failed="0" ignored="0" total="1" passed="1">
  <reporter-output>
  </reporter-output>
  <suite name="Default suite" duration-ms="25015" started-at="2019-08-03T17:41:38Z" finished-at="2019-08-03T17:42:03Z">
    <groups>
    </groups>
    <test name="Default test" duration-ms="25015" started-at="2019-08-03T17:41:38Z" finished-at="2019-08-03T17:42:03Z">
      <class name="com.seleniumsession.TabDemo1">
        <test-method status="PASS" signature="openSameUrlInMultipleTab()[pri:0, instance:com.seleniumsession.TabDemo1@4c70fda8]" name="openSameUrlInMultipleTab" duration-ms="24957" started-at="2019-08-03T17:41:38Z" finished-at="2019-08-03T17:42:03Z">
          <reporter-output>
          </reporter-output>
        </test-method> <!-- openSameUrlInMultipleTab -->
      </class> <!-- com.seleniumsession.TabDemo1 -->
    </test> <!-- Default test -->
  </suite> <!-- Default suite -->
</testng-results>
